This is pdfTeX, Version 3.141592653-2.6-1.40.25 (MiKTeX 23.5) (preloaded format=pdflatex 2023.5.23)  15 FEB 2024 02:45
entering extended mode
 restricted \write18 enabled.
 file:line:error style messages enabled.
 %&-line parsing enabled.
**c:/Users/ajaoo/Desktop/Projects/Multivate-forecasting/PRP3/main.tex
(c:/Users/ajaoo/Desktop/Projects/Multivate-forecasting/PRP3/main.tex
LaTeX2e <2022-11-01> patch level 1
L3 programming layer <2023-05-15> (C:\Users\ajaoo\AppData\Local\Programs\MiKTeX\tex/latex/base\report.cls
Document Class: report 2022/07/02 v1.4n Standard LaTeX document class
(C:\Users\ajaoo\AppData\Local\Programs\MiKTeX\tex/latex/base\size12.clo
File: size12.clo 2022/07/02 v1.4n Standard LaTeX file (size option)
)
\c@part=\count185
\c@chapter=\count186
\c@section=\count187
\c@subsection=\count188
\c@subsubsection=\count189
\c@paragraph=\count190
\c@subparagraph=\count191
\c@figure=\count192
\c@table=\count193
\abovecaptionskip=\skip48
\belowcaptionskip=\skip49
\bibindent=\dimen140
) (C:\Users\ajaoo\AppData\Local\Programs\MiKTeX\tex/latex/base\inputenc.sty
Package: inputenc 2021/02/14 v1.3d Input encoding file
\inpenc@prehook=\toks16
\inpenc@posthook=\toks17
) (C:\Users\ajaoo\AppData\Local\Programs\MiKTeX\tex/latex/graphics\graphicx.sty
Package: graphicx 2021/09/16 v1.2d Enhanced LaTeX Graphics (DPC,SPQR)
 (C:\Users\ajaoo\AppData\Local\Programs\MiKTeX\tex/latex/graphics\keyval.sty
Package: keyval 2022/05/29 v1.15 key=value parser (DPC)
\KV@toks@=\toks18
) (C:\Users\ajaoo\AppData\Local\Programs\MiKTeX\tex/latex/graphics\graphics.sty
Package: graphics 2022/03/10 v1.4e Standard LaTeX Graphics (DPC,SPQR)
 (C:\Users\ajaoo\AppData\Local\Programs\MiKTeX\tex/latex/graphics\trig.sty
Package: trig 2021/08/11 v1.11 sin cos tan (DPC)
) (C:\Users\ajaoo\AppData\Local\Programs\MiKTeX\tex/latex/graphics-cfg\graphics.cfg
File: graphics.cfg 2016/06/04 v1.11 sample graphics configuration
)
Package graphics Info: Driver file: pdftex.def on input line 107.
 (C:\Users\ajaoo\AppData\Local\Programs\MiKTeX\tex/latex/graphics-def\pdftex.def
File: pdftex.def 2022/09/22 v1.2b Graphics/color driver for pdftex
))
\Gin@req@height=\dimen141
\Gin@req@width=\dimen142
) (C:\Users\ajaoo\AppData\Local\Programs\MiKTeX\tex/latex/amsmath\amsmath.sty
Package: amsmath 2022/04/08 v2.17n AMS math features
\@mathmargin=\skip50

For additional information on amsmath, use the `?' option.
(C:\Users\ajaoo\AppData\Local\Programs\MiKTeX\tex/latex/amsmath\amstext.sty
Package: amstext 2021/08/26 v2.01 AMS text
 (C:\Users\ajaoo\AppData\Local\Programs\MiKTeX\tex/latex/amsmath\amsgen.sty
File: amsgen.sty 1999/11/30 v2.0 generic functions
\@emptytoks=\toks19
\ex@=\dimen143
)) (C:\Users\ajaoo\AppData\Local\Programs\MiKTeX\tex/latex/amsmath\amsbsy.sty
Package: amsbsy 1999/11/29 v1.2d Bold Symbols
\pmbraise@=\dimen144
) (C:\Users\ajaoo\AppData\Local\Programs\MiKTeX\tex/latex/amsmath\amsopn.sty
Package: amsopn 2022/04/08 v2.04 operator names
)
\inf@bad=\count194
LaTeX Info: Redefining \frac on input line 234.
\uproot@=\count195
\leftroot@=\count196
LaTeX Info: Redefining \overline on input line 399.
LaTeX Info: Redefining \colon on input line 410.
\classnum@=\count197
\DOTSCASE@=\count198
LaTeX Info: Redefining \ldots on input line 496.
LaTeX Info: Redefining \dots on input line 499.
LaTeX Info: Redefining \cdots on input line 620.
\Mathstrutbox@=\box51
\strutbox@=\box52
LaTeX Info: Redefining \big on input line 722.
LaTeX Info: Redefining \Big on input line 723.
LaTeX Info: Redefining \bigg on input line 724.
LaTeX Info: Redefining \Bigg on input line 725.
\big@size=\dimen145
LaTeX Font Info:    Redeclaring font encoding OML on input line 743.
LaTeX Font Info:    Redeclaring font encoding OMS on input line 744.
\macc@depth=\count199
LaTeX Info: Redefining \bmod on input line 905.
LaTeX Info: Redefining \pmod on input line 910.
LaTeX Info: Redefining \smash on input line 940.
LaTeX Info: Redefining \relbar on input line 970.
LaTeX Info: Redefining \Relbar on input line 971.
\c@MaxMatrixCols=\count266
\dotsspace@=\muskip16
\c@parentequation=\count267
\dspbrk@lvl=\count268
\tag@help=\toks20
\row@=\count269
\column@=\count270
\maxfields@=\count271
\andhelp@=\toks21
\eqnshift@=\dimen146
\alignsep@=\dimen147
\tagshift@=\dimen148
\tagwidth@=\dimen149
\totwidth@=\dimen150
\lineht@=\dimen151
\@envbody=\toks22
\multlinegap=\skip51
\multlinetaggap=\skip52
\mathdisplay@stack=\toks23
LaTeX Info: Redefining \[ on input line 2953.
LaTeX Info: Redefining \] on input line 2954.
) (C:\Users\ajaoo\AppData\Local\Programs\MiKTeX\tex/latex/amsfonts\amsfonts.sty
Package: amsfonts 2013/01/14 v3.01 Basic AMSFonts support
\symAMSa=\mathgroup4
\symAMSb=\mathgroup5
LaTeX Font Info:    Redeclaring math symbol \hbar on input line 98.
LaTeX Font Info:    Overwriting math alphabet `\mathfrak' in version `bold'
(Font)                  U/euf/m/n --> U/euf/b/n on input line 106.
) (C:\Users\ajaoo\AppData\Local\Programs\MiKTeX\tex/latex/amsfonts\amssymb.sty
Package: amssymb 2013/01/14 v3.01 AMS font symbols
) (C:\Users\ajaoo\AppData\Local\Programs\MiKTeX\tex/latex/algorithms\algorithm.sty
Package: algorithm 2009/08/24 v0.1 Document Style `algorithm' - floating environment
 (C:\Users\ajaoo\AppData\Local\Programs\MiKTeX\tex/latex/float\float.sty
Package: float 2001/11/08 v1.3d Float enhancements (AL)
\c@float@type=\count272
\float@exts=\toks24
\float@box=\box53
\@float@everytoks=\toks25
\@floatcapt=\box54
) (C:\Users\ajaoo\AppData\Local\Programs\MiKTeX\tex/latex/base\ifthen.sty
Package: ifthen 2022/04/13 v1.1d Standard LaTeX ifthen package (DPC)
)
\@float@every@algorithm=\toks26
\c@algorithm=\count273
) (C:\Users\ajaoo\AppData\Local\Programs\MiKTeX\tex/latex/algorithmicx\algpseudocode.sty
Package: algpseudocode 
 (C:\Users\ajaoo\AppData\Local\Programs\MiKTeX\tex/latex/algorithmicx\algorithmicx.sty
Package: algorithmicx 2005/04/27 v1.2 Algorithmicx

Document Style algorithmicx 1.2 - a greatly improved `algorithmic' style
\c@ALG@line=\count274
\c@ALG@rem=\count275
\c@ALG@nested=\count276
\ALG@tlm=\skip53
\ALG@thistlm=\skip54
\c@ALG@Lnr=\count277
\c@ALG@blocknr=\count278
\c@ALG@storecount=\count279
\c@ALG@tmpcounter=\count280
\ALG@tmplength=\skip55
)
Document Style - pseudocode environments for use with the `algorithmicx' style
) (C:\Users\ajaoo\AppData\Local\Programs\MiKTeX\tex/latex/cite\cite.sty
LaTeX Info: Redefining \cite on input line 302.
LaTeX Info: Redefining \nocite on input line 332.
Package: cite 2015/02/27  v 5.5
) (C:\Users\ajaoo\AppData\Local\Programs\MiKTeX\tex/latex/url\url.sty
\Urlmuskip=\muskip17
Package: url 2013/09/16  ver 3.4  Verb mode for urls, etc.
) (C:\Users\ajaoo\AppData\Local\Programs\MiKTeX\tex/latex/booktabs\booktabs.sty
Package: booktabs 2020/01/12 v1.61803398 Publication quality tables
\heavyrulewidth=\dimen152
\lightrulewidth=\dimen153
\cmidrulewidth=\dimen154
\belowrulesep=\dimen155
\belowbottomsep=\dimen156
\aboverulesep=\dimen157
\abovetopsep=\dimen158
\cmidrulesep=\dimen159
\cmidrulekern=\dimen160
\defaultaddspace=\dimen161
\@cmidla=\count281
\@cmidlb=\count282
\@aboverulesep=\dimen162
\@belowrulesep=\dimen163
\@thisruleclass=\count283
\@lastruleclass=\count284
\@thisrulewidth=\dimen164
) (C:\Users\ajaoo\AppData\Local\Programs\MiKTeX\tex/latex/caption\caption.sty
Package: caption 2023/03/12 v3.6j Customizing captions (AR)
 (C:\Users\ajaoo\AppData\Local\Programs\MiKTeX\tex/latex/caption\caption3.sty
Package: caption3 2023/03/12 v2.4 caption3 kernel (AR)
\caption@tempdima=\dimen165
\captionmargin=\dimen166
\caption@leftmargin=\dimen167
\caption@rightmargin=\dimen168
\caption@width=\dimen169
\caption@indent=\dimen170
\caption@parindent=\dimen171
\caption@hangindent=\dimen172
Package caption Info: Standard document class detected.
)
\c@caption@flags=\count285
\c@continuedfloat=\count286
Package caption Info: float package is loaded.
) (C:\Users\ajaoo\AppData\Local\Programs\MiKTeX\tex/latex/hyperref\hyperref.sty
Package: hyperref 2023-04-22 v7.00x Hypertext links for LaTeX
 (C:\Users\ajaoo\AppData\Local\Programs\MiKTeX\tex/generic/ltxcmds\ltxcmds.sty
Package: ltxcmds 2020-05-10 v1.25 LaTeX kernel commands for general use (HO)
) (C:\Users\ajaoo\AppData\Local\Programs\MiKTeX\tex/generic/iftex\iftex.sty
Package: iftex 2022/02/03 v1.0f TeX engine tests
) (C:\Users\ajaoo\AppData\Local\Programs\MiKTeX\tex/generic/pdftexcmds\pdftexcmds.sty
Package: pdftexcmds 2020-06-27 v0.33 Utility functions of pdfTeX for LuaTeX (HO)
 (C:\Users\ajaoo\AppData\Local\Programs\MiKTeX\tex/generic/infwarerr\infwarerr.sty
Package: infwarerr 2019/12/03 v1.5 Providing info/warning/error messages (HO)
)
Package pdftexcmds Info: \pdf@primitive is available.
Package pdftexcmds Info: \pdf@ifprimitive is available.
Package pdftexcmds Info: \pdfdraftmode found.
) (C:\Users\ajaoo\AppData\Local\Programs\MiKTeX\tex/latex/kvsetkeys\kvsetkeys.sty
Package: kvsetkeys 2022-10-05 v1.19 Key value parser (HO)
) (C:\Users\ajaoo\AppData\Local\Programs\MiKTeX\tex/generic/kvdefinekeys\kvdefinekeys.sty
Package: kvdefinekeys 2019-12-19 v1.6 Define keys (HO)
) (C:\Users\ajaoo\AppData\Local\Programs\MiKTeX\tex/generic/pdfescape\pdfescape.sty
Package: pdfescape 2019/12/09 v1.15 Implements pdfTeX's escape features (HO)
) (C:\Users\ajaoo\AppData\Local\Programs\MiKTeX\tex/latex/hycolor\hycolor.sty
Package: hycolor 2020-01-27 v1.10 Color options for hyperref/bookmark (HO)
) (C:\Users\ajaoo\AppData\Local\Programs\MiKTeX\tex/latex/letltxmacro\letltxmacro.sty
Package: letltxmacro 2019/12/03 v1.6 Let assignment for LaTeX macros (HO)
) (C:\Users\ajaoo\AppData\Local\Programs\MiKTeX\tex/latex/auxhook\auxhook.sty
Package: auxhook 2019-12-17 v1.6 Hooks for auxiliary files (HO)
) (C:\Users\ajaoo\AppData\Local\Programs\MiKTeX\tex/latex/hyperref\nameref.sty
Package: nameref 2022-05-17 v2.50 Cross-referencing by name of section
 (C:\Users\ajaoo\AppData\Local\Programs\MiKTeX\tex/latex/refcount\refcount.sty
Package: refcount 2019/12/15 v3.6 Data extraction from label references (HO)
) (C:\Users\ajaoo\AppData\Local\Programs\MiKTeX\tex/generic/gettitlestring\gettitlestring.sty
Package: gettitlestring 2019/12/15 v1.6 Cleanup title references (HO)
 (C:\Users\ajaoo\AppData\Local\Programs\MiKTeX\tex/latex/kvoptions\kvoptions.sty
Package: kvoptions 2022-06-15 v3.15 Key value format for package options (HO)
))
\c@section@level=\count287
) (C:\Users\ajaoo\AppData\Local\Programs\MiKTeX\tex/latex/etoolbox\etoolbox.sty
Package: etoolbox 2020/10/05 v2.5k e-TeX tools for LaTeX (JAW)
\etb@tempcnta=\count288
)
\@linkdim=\dimen173
\Hy@linkcounter=\count289
\Hy@pagecounter=\count290
 (C:\Users\ajaoo\AppData\Local\Programs\MiKTeX\tex/latex/hyperref\pd1enc.def
File: pd1enc.def 2023-04-22 v7.00x Hyperref: PDFDocEncoding definition (HO)
Now handling font encoding PD1 ...
... no UTF-8 mapping file for font encoding PD1
) (C:\Users\ajaoo\AppData\Local\Programs\MiKTeX\tex/generic/intcalc\intcalc.sty
Package: intcalc 2019/12/15 v1.3 Expandable calculations with integers (HO)
)
\Hy@SavedSpaceFactor=\count291
 (C:\Users\ajaoo\AppData\Local\Programs\MiKTeX\tex/latex/hyperref\puenc.def
File: puenc.def 2023-04-22 v7.00x Hyperref: PDF Unicode definition (HO)
Now handling font encoding PU ...
... no UTF-8 mapping file for font encoding PU
)
Package hyperref Info: Option `colorlinks' set `true' on input line 4065.
Package hyperref Info: Hyper figures OFF on input line 4182.
Package hyperref Info: Link nesting OFF on input line 4187.
Package hyperref Info: Hyper index ON on input line 4190.
Package hyperref Info: Plain pages OFF on input line 4197.
Package hyperref Info: Backreferencing OFF on input line 4202.
Package hyperref Info: Implicit mode ON; LaTeX internals redefined.
Package hyperref Info: Bookmarks ON on input line 4449.
\c@Hy@tempcnt=\count292
LaTeX Info: Redefining \url on input line 4787.
\XeTeXLinkMargin=\dimen174
 (C:\Users\ajaoo\AppData\Local\Programs\MiKTeX\tex/generic/bitset\bitset.sty
Package: bitset 2019/12/09 v1.3 Handle bit-vector datatype (HO)
 (C:\Users\ajaoo\AppData\Local\Programs\MiKTeX\tex/generic/bigintcalc\bigintcalc.sty
Package: bigintcalc 2019/12/15 v1.5 Expandable calculations on big integers (HO)
))
\Fld@menulength=\count293
\Field@Width=\dimen175
\Fld@charsize=\dimen176
Package hyperref Info: Hyper figures OFF on input line 6066.
Package hyperref Info: Link nesting OFF on input line 6071.
Package hyperref Info: Hyper index ON on input line 6074.
Package hyperref Info: backreferencing OFF on input line 6081.
Package hyperref Info: Link coloring ON on input line 6084.
Package hyperref Info: Link coloring with OCG OFF on input line 6091.
Package hyperref Info: PDF/A mode OFF on input line 6096.
 (C:\Users\ajaoo\AppData\Local\Programs\MiKTeX\tex/latex/base\atbegshi-ltx.sty
Package: atbegshi-ltx 2021/01/10 v1.0c Emulation of the original atbegshi
package with kernel methods
)
\Hy@abspage=\count294
\c@Item=\count295
\c@Hfootnote=\count296
)
Package hyperref Info: Driver (autodetected): hpdftex.
 (C:\Users\ajaoo\AppData\Local\Programs\MiKTeX\tex/latex/hyperref\hpdftex.def
File: hpdftex.def 2023-04-22 v7.00x Hyperref driver for pdfTeX
 (C:\Users\ajaoo\AppData\Local\Programs\MiKTeX\tex/latex/base\atveryend-ltx.sty
Package: atveryend-ltx 2020/08/19 v1.0a Emulation of the original atveryend package
with kernel methods
)
\Fld@listcount=\count297
\c@bookmark@seq@number=\count298
 (C:\Users\ajaoo\AppData\Local\Programs\MiKTeX\tex/latex/rerunfilecheck\rerunfilecheck.sty
Package: rerunfilecheck 2022-07-10 v1.10 Rerun checks for auxiliary files (HO)
 (C:\Users\ajaoo\AppData\Local\Programs\MiKTeX\tex/generic/uniquecounter\uniquecounter.sty
Package: uniquecounter 2019/12/15 v1.4 Provide unlimited unique counter (HO)
)
Package uniquecounter Info: New unique counter `rerunfilecheck' on input line 285.
)
\Hy@SectionHShift=\skip56
) (C:\Users\ajaoo\AppData\Local\Programs\MiKTeX\tex/latex/xcolor\xcolor.sty
Package: xcolor 2022/06/12 v2.14 LaTeX color extensions (UK)
 (C:\Users\ajaoo\AppData\Local\Programs\MiKTeX\tex/latex/graphics-cfg\color.cfg
File: color.cfg 2016/01/02 v1.6 sample color configuration
)
Package xcolor Info: Driver file: pdftex.def on input line 227.
 (C:\Users\ajaoo\AppData\Local\Programs\MiKTeX\tex/latex/graphics\mathcolor.ltx)
Package xcolor Info: Model `cmy' substituted by `cmy0' on input line 1353.
Package xcolor Info: Model `hsb' substituted by `rgb' on input line 1357.
Package xcolor Info: Model `RGB' extended on input line 1369.
Package xcolor Info: Model `HTML' substituted by `rgb' on input line 1371.
Package xcolor Info: Model `Hsb' substituted by `hsb' on input line 1372.
Package xcolor Info: Model `tHsb' substituted by `hsb' on input line 1373.
Package xcolor Info: Model `HSB' substituted by `hsb' on input line 1374.
Package xcolor Info: Model `Gray' substituted by `gray' on input line 1375.
Package xcolor Info: Model `wave' substituted by `hsb' on input line 1376.
) (C:\Users\ajaoo\AppData\Local\Programs\MiKTeX\tex/latex/geometry\geometry.sty
Package: geometry 2020/01/02 v5.9 Page Geometry
 (C:\Users\ajaoo\AppData\Local\Programs\MiKTeX\tex/generic/iftex\ifvtex.sty
Package: ifvtex 2019/10/25 v1.7 ifvtex legacy package. Use iftex instead.
)
\Gm@cnth=\count299
\Gm@cntv=\count300
\c@Gm@tempcnt=\count301
\Gm@bindingoffset=\dimen177
\Gm@wd@mp=\dimen178
\Gm@odd@mp=\dimen179
\Gm@even@mp=\dimen180
\Gm@layoutwidth=\dimen181
\Gm@layoutheight=\dimen182
\Gm@layouthoffset=\dimen183
\Gm@layoutvoffset=\dimen184
\Gm@dimlist=\toks27
 (C:\Users\ajaoo\AppData\Local\Programs\MiKTeX\tex/latex/geometry\geometry.cfg)) (C:\Users\ajaoo\AppData\Local\Programs\MiKTeX\tex/latex/l3backend\l3backend-pdftex.def
File: l3backend-pdftex.def 2023-04-19 L3 backend support: PDF output (pdfTeX)
\l__color_backend_stack_int=\count302
\l__pdf_internal_box=\box55
)
No file main.aux.
\openout1 = `main.aux'.

LaTeX Font Info:    Checking defaults for OML/cmm/m/it on input line 23.
LaTeX Font Info:    ... okay on input line 23.
LaTeX Font Info:    Checking defaults for OMS/cmsy/m/n on input line 23.
LaTeX Font Info:    ... okay on input line 23.
LaTeX Font Info:    Checking defaults for OT1/cmr/m/n on input line 23.
LaTeX Font Info:    ... okay on input line 23.
LaTeX Font Info:    Checking defaults for T1/cmr/m/n on input line 23.
LaTeX Font Info:    ... okay on input line 23.
LaTeX Font Info:    Checking defaults for TS1/cmr/m/n on input line 23.
LaTeX Font Info:    ... okay on input line 23.
LaTeX Font Info:    Checking defaults for OMX/cmex/m/n on input line 23.
LaTeX Font Info:    ... okay on input line 23.
LaTeX Font Info:    Checking defaults for U/cmr/m/n on input line 23.
LaTeX Font Info:    ... okay on input line 23.
LaTeX Font Info:    Checking defaults for PD1/pdf/m/n on input line 23.
LaTeX Font Info:    ... okay on input line 23.
LaTeX Font Info:    Checking defaults for PU/pdf/m/n on input line 23.
LaTeX Font Info:    ... okay on input line 23.
(C:\Users\ajaoo\AppData\Local\Programs\MiKTeX\tex/context/base/mkii\supp-pdf.mkii
[Loading MPS to PDF converter (version 2006.09.02).]
\scratchcounter=\count303
\scratchdimen=\dimen185
\scratchbox=\box56
\nofMPsegments=\count304
\nofMParguments=\count305
\everyMPshowfont=\toks28
\MPscratchCnt=\count306
\MPscratchDim=\dimen186
\MPnumerator=\count307
\makeMPintoPDFobject=\count308
\everyMPtoPDFconversion=\toks29
) (C:\Users\ajaoo\AppData\Local\Programs\MiKTeX\tex/latex/epstopdf-pkg\epstopdf-base.sty
Package: epstopdf-base 2020-01-24 v2.11 Base part for package epstopdf
Package epstopdf-base Info: Redefining graphics rule for `.eps' on input line 485.
 (C:\Users\ajaoo\AppData\Local\Programs\MiKTeX\tex/latex/00miktex\epstopdf-sys.cfg
File: epstopdf-sys.cfg 2021/03/18 v2.0 Configuration of epstopdf for MiKTeX
))
Package caption Info: Begin \AtBeginDocument code.
Package caption Info: hyperref package is loaded.
Package caption Info: End \AtBeginDocument code.
Package hyperref Info: Link coloring ON on input line 23.
\@outlinefile=\write3
\openout3 = `main.out'.


*geometry* driver: auto-detecting
*geometry* detected driver: pdftex
*geometry* verbose mode - [ preamble ] result:
* driver: pdftex
* paper: letterpaper
* layout: <same size as paper>
* layoutoffset:(h,v)=(0.0pt,0.0pt)
* modes: 
* h-part:(L,W,R)=(72.26999pt, 469.75502pt, 72.26999pt)
* v-part:(T,H,B)=(72.26999pt, 650.43001pt, 72.26999pt)
* \paperwidth=614.295pt
* \paperheight=794.96999pt
* \textwidth=469.75502pt
* \textheight=650.43001pt
* \oddsidemargin=0.0pt
* \evensidemargin=0.0pt
* \topmargin=-37.0pt
* \headheight=12.0pt
* \headsep=25.0pt
* \topskip=12.0pt
* \footskip=30.0pt
* \marginparwidth=44.0pt
* \marginparsep=10.0pt
* \columnsep=10.0pt
* \skip\footins=10.8pt plus 4.0pt minus 2.0pt
* \hoffset=0.0pt
* \voffset=0.0pt
* \mag=1000
* \@twocolumnfalse
* \@twosidefalse
* \@mparswitchfalse
* \@reversemarginfalse
* (1in=72.27pt=25.4mm, 1cm=28.453pt)

LaTeX Font Info:    Trying to load font information for U+msa on input line 26.
(C:\Users\ajaoo\AppData\Local\Programs\MiKTeX\tex/latex/amsfonts\umsa.fd
File: umsa.fd 2013/01/14 v3.01 AMS symbols A
)
LaTeX Font Info:    Trying to load font information for U+msb on input line 26.
 (C:\Users\ajaoo\AppData\Local\Programs\MiKTeX\tex/latex/amsfonts\umsb.fd
File: umsb.fd 2013/01/14 v3.01 AMS symbols B
) [1

{C:/Users/ajaoo/AppData/Local/MiKTeX/fonts/map/pdftex/pdftex.map}]
Package hyperref Info: bookmark level for unknown algorithm defaults to 0 on input line 29.

c:/Users/ajaoo/Desktop/Projects/Multivate-forecasting/PRP3/main.tex:63: Undefined control sequence.
<recently read> \bm 
                    
l.63 \Require Training data tensors $\bm
                                        {S}_{data}$, $\bm{I}_{data}$, $\bm{R...
The control sequence at the end of the top line
of your error message was never \def'ed. If you have
misspelled it (e.g., `\hobx'), type `I' and the correct
spelling (e.g., `I\hbox'). Otherwise just continue,
and I'll forget about whatever was undefined.

c:/Users/ajaoo/Desktop/Projects/Multivate-forecasting/PRP3/main.tex:63: Undefined control sequence.
<recently read> \bm 
                    
l.63 ...raining data tensors $\bm{S}_{data}$, $\bm
                                                  {I}_{data}$, $\bm{R}_{data...
The control sequence at the end of the top line
of your error message was never \def'ed. If you have
misspelled it (e.g., `\hobx'), type `I' and the correct
spelling (e.g., `I\hbox'). Otherwise just continue,
and I'll forget about whatever was undefined.

c:/Users/ajaoo/Desktop/Projects/Multivate-forecasting/PRP3/main.tex:63: Undefined control sequence.
<recently read> \bm 
                    
l.63 ...ors $\bm{S}_{data}$, $\bm{I}_{data}$, $\bm
                                                  {R}_{data}$, time tensor $...
The control sequence at the end of the top line
of your error message was never \def'ed. If you have
misspelled it (e.g., `\hobx'), type `I' and the correct
spelling (e.g., `I\hbox'). Otherwise just continue,
and I'll forget about whatever was undefined.

c:/Users/ajaoo/Desktop/Projects/Multivate-forecasting/PRP3/main.tex:63: Undefined control sequence.
<recently read> \bm 
                    
l.63 ...{data}$, $\bm{R}_{data}$, time tensor $\bm
                                                  {t}_{data}$, population si...
The control sequence at the end of the top line
of your error message was never \def'ed. If you have
misspelled it (e.g., `\hobx'), type `I' and the correct
spelling (e.g., `I\hbox'). Otherwise just continue,
and I'll forget about whatever was undefined.

c:/Users/ajaoo/Desktop/Projects/Multivate-forecasting/PRP3/main.tex:65: Undefined control sequence.
<recently read> \bm 
                    
l.65 \State Initialize PINN $NN$ with weights $\bm
                                                  {w}$ and biases $\bm{b}$ u...
The control sequence at the end of the top line
of your error message was never \def'ed. If you have
misspelled it (e.g., `\hobx'), type `I' and the correct
spelling (e.g., `I\hbox'). Otherwise just continue,
and I'll forget about whatever was undefined.

c:/Users/ajaoo/Desktop/Projects/Multivate-forecasting/PRP3/main.tex:65: Undefined control sequence.
<recently read> \bm 
                    
l.65 ...$NN$ with weights $\bm{w}$ and biases $\bm
                                                  {b}$ using Xavier initiali...
The control sequence at the end of the top line
of your error message was never \def'ed. If you have
misspelled it (e.g., `\hobx'), type `I' and the correct
spelling (e.g., `I\hbox'). Otherwise just continue,
and I'll forget about whatever was undefined.

c:/Users/ajaoo/Desktop/Projects/Multivate-forecasting/PRP3/main.tex:71: Undefined control sequence.
<recently read> \bm 
                    
l.71     \State Compute predictions $\bm
                                        {S}_{pred}$, $\bm{I}_{pred}$, $\bm{R...
The control sequence at the end of the top line
of your error message was never \def'ed. If you have
misspelled it (e.g., `\hobx'), type `I' and the correct
spelling (e.g., `I\hbox'). Otherwise just continue,
and I'll forget about whatever was undefined.

c:/Users/ajaoo/Desktop/Projects/Multivate-forecasting/PRP3/main.tex:71: Undefined control sequence.
<recently read> \bm 
                    
l.71 ... Compute predictions $\bm{S}_{pred}$, $\bm
                                                  {I}_{pred}$, $\bm{R}_{pred...
The control sequence at the end of the top line
of your error message was never \def'ed. If you have
misspelled it (e.g., `\hobx'), type `I' and the correct
spelling (e.g., `I\hbox'). Otherwise just continue,
and I'll forget about whatever was undefined.

c:/Users/ajaoo/Desktop/Projects/Multivate-forecasting/PRP3/main.tex:71: Undefined control sequence.
<recently read> \bm 
                    
l.71 ...ons $\bm{S}_{pred}$, $\bm{I}_{pred}$, $\bm
                                                  {R}_{pred}$ from $NN(\bm{t...
The control sequence at the end of the top line
of your error message was never \def'ed. If you have
misspelled it (e.g., `\hobx'), type `I' and the correct
spelling (e.g., `I\hbox'). Otherwise just continue,
and I'll forget about whatever was undefined.

c:/Users/ajaoo/Desktop/Projects/Multivate-forecasting/PRP3/main.tex:71: Undefined control sequence.
l.71 ...m{I}_{pred}$, $\bm{R}_{pred}$ from $NN(\bm
                                                  {t}_{data})$.
The control sequence at the end of the top line
of your error message was never \def'ed. If you have
misspelled it (e.g., `\hobx'), type `I' and the correct
spelling (e.g., `I\hbox'). Otherwise just continue,
and I'll forget about whatever was undefined.

c:/Users/ajaoo/Desktop/Projects/Multivate-forecasting/PRP3/main.tex:72: Undefined control sequence.
<argument> d\bm 
                {S}_{pred}
l.72 ...mpute gradients $\frac{d\bm{S}_{pred}}{dt}
                                                  $, $\frac{d\bm{I}_{pred}}{...
The control sequence at the end of the top line
of your error message was never \def'ed. If you have
misspelled it (e.g., `\hobx'), type `I' and the correct
spelling (e.g., `I\hbox'). Otherwise just continue,
and I'll forget about whatever was undefined.

c:/Users/ajaoo/Desktop/Projects/Multivate-forecasting/PRP3/main.tex:72: Undefined control sequence.
<argument> d\bm 
                {I}_{pred}
l.72 ...}_{pred}}{dt}$, $\frac{d\bm{I}_{pred}}{dt}
                                                  $, $\frac{d\bm{R}_{pred}}{...
The control sequence at the end of the top line
of your error message was never \def'ed. If you have
misspelled it (e.g., `\hobx'), type `I' and the correct
spelling (e.g., `I\hbox'). Otherwise just continue,
and I'll forget about whatever was undefined.

c:/Users/ajaoo/Desktop/Projects/Multivate-forecasting/PRP3/main.tex:72: Undefined control sequence.
<argument> d\bm 
                {R}_{pred}
l.72 ...}_{pred}}{dt}$, $\frac{d\bm{R}_{pred}}{dt}
                                                  $ with respect to $\bm{t}_...
The control sequence at the end of the top line
of your error message was never \def'ed. If you have
misspelled it (e.g., `\hobx'), type `I' and the correct
spelling (e.g., `I\hbox'). Otherwise just continue,
and I'll forget about whatever was undefined.

c:/Users/ajaoo/Desktop/Projects/Multivate-forecasting/PRP3/main.tex:72: Undefined control sequence.
<recently read> \bm 
                    
l.72 ...{d\bm{R}_{pred}}{dt}$ with respect to $\bm
                                                  {t}_{data}$ using automati...
The control sequence at the end of the top line
of your error message was never \def'ed. If you have
misspelled it (e.g., `\hobx'), type `I' and the correct
spelling (e.g., `I\hbox'). Otherwise just continue,
and I'll forget about whatever was undefined.

c:/Users/ajaoo/Desktop/Projects/Multivate-forecasting/PRP3/main.tex:85: Undefined control sequence.
<argument> ... \sum _{i=1}^{q} \left [ \left (\bm 
                                                  {S}_{i} - \bm {S}_{pred_i}...
l.85     \end{align*}
                     
The control sequence at the end of the top line
of your error message was never \def'ed. If you have
misspelled it (e.g., `\hobx'), type `I' and the correct
spelling (e.g., `I\hbox'). Otherwise just continue,
and I'll forget about whatever was undefined.

c:/Users/ajaoo/Desktop/Projects/Multivate-forecasting/PRP3/main.tex:85: Undefined control sequence.
<argument> ...q} \left [ \left (\bm {S}_{i} - \bm 
                                                  {S}_{pred_i}\right )^2 + \...
l.85     \end{align*}
                     
The control sequence at the end of the top line
of your error message was never \def'ed. If you have
misspelled it (e.g., `\hobx'), type `I' and the correct
spelling (e.g., `I\hbox'). Otherwise just continue,
and I'll forget about whatever was undefined.

c:/Users/ajaoo/Desktop/Projects/Multivate-forecasting/PRP3/main.tex:85: Undefined control sequence.
<argument> ...{S}_{pred_i}\right )^2 + \left (\bm 
                                                  {I}_{i} - \bm {I}_{pred_i}...
l.85     \end{align*}
                     
The control sequence at the end of the top line
of your error message was never \def'ed. If you have
misspelled it (e.g., `\hobx'), type `I' and the correct
spelling (e.g., `I\hbox'). Otherwise just continue,
and I'll forget about whatever was undefined.

c:/Users/ajaoo/Desktop/Projects/Multivate-forecasting/PRP3/main.tex:85: Undefined control sequence.
<argument> ...ight )^2 + \left (\bm {I}_{i} - \bm 
                                                  {I}_{pred_i}\right )^2 + \...
l.85     \end{align*}
                     
The control sequence at the end of the top line
of your error message was never \def'ed. If you have
misspelled it (e.g., `\hobx'), type `I' and the correct
spelling (e.g., `I\hbox'). Otherwise just continue,
and I'll forget about whatever was undefined.

c:/Users/ajaoo/Desktop/Projects/Multivate-forecasting/PRP3/main.tex:85: Undefined control sequence.
<argument> ...{I}_{pred_i}\right )^2 + \left (\bm 
                                                  {R}_{i} - \bm {R}_{pred_i}...
l.85     \end{align*}
                     
The control sequence at the end of the top line
of your error message was never \def'ed. If you have
misspelled it (e.g., `\hobx'), type `I' and the correct
spelling (e.g., `I\hbox'). Otherwise just continue,
and I'll forget about whatever was undefined.

c:/Users/ajaoo/Desktop/Projects/Multivate-forecasting/PRP3/main.tex:85: Undefined control sequence.
<argument> ...ight )^2 + \left (\bm {R}_{i} - \bm 
                                                  {R}_{pred_i}\right )^2 \ri...
l.85     \end{align*}
                     
The control sequence at the end of the top line
of your error message was never \def'ed. If you have
misspelled it (e.g., `\hobx'), type `I' and the correct
spelling (e.g., `I\hbox'). Otherwise just continue,
and I'll forget about whatever was undefined.

c:/Users/ajaoo/Desktop/Projects/Multivate-forecasting/PRP3/main.tex:85: Undefined control sequence.
<argument> d\bm 
                {S}_{pred_i}
l.85     \end{align*}
                     
The control sequence at the end of the top line
of your error message was never \def'ed. If you have
misspelled it (e.g., `\hobx'), type `I' and the correct
spelling (e.g., `I\hbox'). Otherwise just continue,
and I'll forget about whatever was undefined.

c:/Users/ajaoo/Desktop/Projects/Multivate-forecasting/PRP3/main.tex:85: Undefined control sequence.
<argument> \bm 
               {S}_{pred_i} \bm {I}_{pred_i}
l.85     \end{align*}
                     
The control sequence at the end of the top line
of your error message was never \def'ed. If you have
misspelled it (e.g., `\hobx'), type `I' and the correct
spelling (e.g., `I\hbox'). Otherwise just continue,
and I'll forget about whatever was undefined.

c:/Users/ajaoo/Desktop/Projects/Multivate-forecasting/PRP3/main.tex:85: Undefined control sequence.
<argument> \bm {S}_{pred_i} \bm 
                                {I}_{pred_i}
l.85     \end{align*}
                     
The control sequence at the end of the top line
of your error message was never \def'ed. If you have
misspelled it (e.g., `\hobx'), type `I' and the correct
spelling (e.g., `I\hbox'). Otherwise just continue,
and I'll forget about whatever was undefined.

c:/Users/ajaoo/Desktop/Projects/Multivate-forecasting/PRP3/main.tex:85: Undefined control sequence.
<argument> d\bm 
                {I}_{pred_i}
l.85     \end{align*}
                     
The control sequence at the end of the top line
of your error message was never \def'ed. If you have
misspelled it (e.g., `\hobx'), type `I' and the correct
spelling (e.g., `I\hbox'). Otherwise just continue,
and I'll forget about whatever was undefined.

c:/Users/ajaoo/Desktop/Projects/Multivate-forecasting/PRP3/main.tex:85: Undefined control sequence.
<argument> \bm 
               {S}_{pred_i} \bm {I}_{pred_i}
l.85     \end{align*}
                     
The control sequence at the end of the top line
of your error message was never \def'ed. If you have
misspelled it (e.g., `\hobx'), type `I' and the correct
spelling (e.g., `I\hbox'). Otherwise just continue,
and I'll forget about whatever was undefined.

c:/Users/ajaoo/Desktop/Projects/Multivate-forecasting/PRP3/main.tex:85: Undefined control sequence.
<argument> \bm {S}_{pred_i} \bm 
                                {I}_{pred_i}
l.85     \end{align*}
                     
The control sequence at the end of the top line
of your error message was never \def'ed. If you have
misspelled it (e.g., `\hobx'), type `I' and the correct
spelling (e.g., `I\hbox'). Otherwise just continue,
and I'll forget about whatever was undefined.

c:/Users/ajaoo/Desktop/Projects/Multivate-forecasting/PRP3/main.tex:85: Undefined control sequence.
<argument> ...} \bm {I}_{pred_i}}{N} + \gamma \bm 
                                                  {I}_{pred_i}\right )^2 + \...
l.85     \end{align*}
                     
The control sequence at the end of the top line
of your error message was never \def'ed. If you have
misspelled it (e.g., `\hobx'), type `I' and the correct
spelling (e.g., `I\hbox'). Otherwise just continue,
and I'll forget about whatever was undefined.

c:/Users/ajaoo/Desktop/Projects/Multivate-forecasting/PRP3/main.tex:85: Undefined control sequence.
<argument> d\bm 
                {R}_{pred_i}
l.85     \end{align*}
                     
The control sequence at the end of the top line
of your error message was never \def'ed. If you have
misspelled it (e.g., `\hobx'), type `I' and the correct
spelling (e.g., `I\hbox'). Otherwise just continue,
and I'll forget about whatever was undefined.

c:/Users/ajaoo/Desktop/Projects/Multivate-forecasting/PRP3/main.tex:85: Undefined control sequence.
<argument> ...d\bm {R}_{pred_i}}{dt} - \gamma \bm 
                                                  {I}_{pred_i}\right )^2 \ri...
l.85     \end{align*}
                     
The control sequence at the end of the top line
of your error message was never \def'ed. If you have
misspelled it (e.g., `\hobx'), type `I' and the correct
spelling (e.g., `I\hbox'). Otherwise just continue,
and I'll forget about whatever was undefined.

c:/Users/ajaoo/Desktop/Projects/Multivate-forecasting/PRP3/main.tex:85: Undefined control sequence.
<argument> ... \sum _{i=1}^{q} \left [ \left (\bm 
                                                  {S}_{i} - \bm {S}_{pred_i}...
l.85     \end{align*}
                     
The control sequence at the end of the top line
of your error message was never \def'ed. If you have
misspelled it (e.g., `\hobx'), type `I' and the correct
spelling (e.g., `I\hbox'). Otherwise just continue,
and I'll forget about whatever was undefined.

c:/Users/ajaoo/Desktop/Projects/Multivate-forecasting/PRP3/main.tex:85: Undefined control sequence.
<argument> ...q} \left [ \left (\bm {S}_{i} - \bm 
                                                  {S}_{pred_i}\right )^2 + \...
l.85     \end{align*}
                     
The control sequence at the end of the top line
of your error message was never \def'ed. If you have
misspelled it (e.g., `\hobx'), type `I' and the correct
spelling (e.g., `I\hbox'). Otherwise just continue,
and I'll forget about whatever was undefined.

c:/Users/ajaoo/Desktop/Projects/Multivate-forecasting/PRP3/main.tex:85: Undefined control sequence.
<argument> ...{S}_{pred_i}\right )^2 + \left (\bm 
                                                  {I}_{i} - \bm {I}_{pred_i}...
l.85     \end{align*}
                     
The control sequence at the end of the top line
of your error message was never \def'ed. If you have
misspelled it (e.g., `\hobx'), type `I' and the correct
spelling (e.g., `I\hbox'). Otherwise just continue,
and I'll forget about whatever was undefined.

c:/Users/ajaoo/Desktop/Projects/Multivate-forecasting/PRP3/main.tex:85: Undefined control sequence.
<argument> ...ight )^2 + \left (\bm {I}_{i} - \bm 
                                                  {I}_{pred_i}\right )^2 + \...
l.85     \end{align*}
                     
The control sequence at the end of the top line
of your error message was never \def'ed. If you have
misspelled it (e.g., `\hobx'), type `I' and the correct
spelling (e.g., `I\hbox'). Otherwise just continue,
and I'll forget about whatever was undefined.

c:/Users/ajaoo/Desktop/Projects/Multivate-forecasting/PRP3/main.tex:85: Undefined control sequence.
<argument> ...{I}_{pred_i}\right )^2 + \left (\bm 
                                                  {R}_{i} - \bm {R}_{pred_i}...
l.85     \end{align*}
                     
The control sequence at the end of the top line
of your error message was never \def'ed. If you have
misspelled it (e.g., `\hobx'), type `I' and the correct
spelling (e.g., `I\hbox'). Otherwise just continue,
and I'll forget about whatever was undefined.

c:/Users/ajaoo/Desktop/Projects/Multivate-forecasting/PRP3/main.tex:85: Undefined control sequence.
<argument> ...ight )^2 + \left (\bm {R}_{i} - \bm 
                                                  {R}_{pred_i}\right )^2 \ri...
l.85     \end{align*}
                     
The control sequence at the end of the top line
of your error message was never \def'ed. If you have
misspelled it (e.g., `\hobx'), type `I' and the correct
spelling (e.g., `I\hbox'). Otherwise just continue,
and I'll forget about whatever was undefined.

c:/Users/ajaoo/Desktop/Projects/Multivate-forecasting/PRP3/main.tex:85: Undefined control sequence.
<argument> d\bm 
                {S}_{pred_i}
l.85     \end{align*}
                     
The control sequence at the end of the top line
of your error message was never \def'ed. If you have
misspelled it (e.g., `\hobx'), type `I' and the correct
spelling (e.g., `I\hbox'). Otherwise just continue,
and I'll forget about whatever was undefined.

c:/Users/ajaoo/Desktop/Projects/Multivate-forecasting/PRP3/main.tex:85: Undefined control sequence.
<argument> \bm 
               {S}_{pred_i} \bm {I}_{pred_i}
l.85     \end{align*}
                     
The control sequence at the end of the top line
of your error message was never \def'ed. If you have
misspelled it (e.g., `\hobx'), type `I' and the correct
spelling (e.g., `I\hbox'). Otherwise just continue,
and I'll forget about whatever was undefined.

c:/Users/ajaoo/Desktop/Projects/Multivate-forecasting/PRP3/main.tex:85: Undefined control sequence.
<argument> \bm {S}_{pred_i} \bm 
                                {I}_{pred_i}
l.85     \end{align*}
                     
The control sequence at the end of the top line
of your error message was never \def'ed. If you have
misspelled it (e.g., `\hobx'), type `I' and the correct
spelling (e.g., `I\hbox'). Otherwise just continue,
and I'll forget about whatever was undefined.

c:/Users/ajaoo/Desktop/Projects/Multivate-forecasting/PRP3/main.tex:85: Undefined control sequence.
<argument> d\bm 
                {I}_{pred_i}
l.85     \end{align*}
                     
The control sequence at the end of the top line
of your error message was never \def'ed. If you have
misspelled it (e.g., `\hobx'), type `I' and the correct
spelling (e.g., `I\hbox'). Otherwise just continue,
and I'll forget about whatever was undefined.

c:/Users/ajaoo/Desktop/Projects/Multivate-forecasting/PRP3/main.tex:85: Undefined control sequence.
<argument> \bm 
               {S}_{pred_i} \bm {I}_{pred_i}
l.85     \end{align*}
                     
The control sequence at the end of the top line
of your error message was never \def'ed. If you have
misspelled it (e.g., `\hobx'), type `I' and the correct
spelling (e.g., `I\hbox'). Otherwise just continue,
and I'll forget about whatever was undefined.

c:/Users/ajaoo/Desktop/Projects/Multivate-forecasting/PRP3/main.tex:85: Undefined control sequence.
<argument> \bm {S}_{pred_i} \bm 
                                {I}_{pred_i}
l.85     \end{align*}
                     
The control sequence at the end of the top line
of your error message was never \def'ed. If you have
misspelled it (e.g., `\hobx'), type `I' and the correct
spelling (e.g., `I\hbox'). Otherwise just continue,
and I'll forget about whatever was undefined.

c:/Users/ajaoo/Desktop/Projects/Multivate-forecasting/PRP3/main.tex:85: Undefined control sequence.
<argument> ...} \bm {I}_{pred_i}}{N} + \gamma \bm 
                                                  {I}_{pred_i}\right )^2 + \...
l.85     \end{align*}
                     
The control sequence at the end of the top line
of your error message was never \def'ed. If you have
misspelled it (e.g., `\hobx'), type `I' and the correct
spelling (e.g., `I\hbox'). Otherwise just continue,
and I'll forget about whatever was undefined.

c:/Users/ajaoo/Desktop/Projects/Multivate-forecasting/PRP3/main.tex:85: Undefined control sequence.
<argument> d\bm 
                {R}_{pred_i}
l.85     \end{align*}
                     
The control sequence at the end of the top line
of your error message was never \def'ed. If you have
misspelled it (e.g., `\hobx'), type `I' and the correct
spelling (e.g., `I\hbox'). Otherwise just continue,
and I'll forget about whatever was undefined.

c:/Users/ajaoo/Desktop/Projects/Multivate-forecasting/PRP3/main.tex:85: Undefined control sequence.
<argument> ...d\bm {R}_{pred_i}}{dt} - \gamma \bm 
                                                  {I}_{pred_i}\right )^2 \ri...
l.85     \end{align*}
                     
The control sequence at the end of the top line
of your error message was never \def'ed. If you have
misspelled it (e.g., `\hobx'), type `I' and the correct
spelling (e.g., `I\hbox'). Otherwise just continue,
and I'll forget about whatever was undefined.


Overfull \hbox (132.3353pt too wide) detected at line 85
[]
 []

c:/Users/ajaoo/Desktop/Projects/Multivate-forecasting/PRP3/main.tex:90: Undefined control sequence.
<argument>  Reg_{L2} = \lambda _{reg} \sum _{\bm 
                                                 {w}} \|\bm {w}\|^{p_{reg}}. 
l.90     \end{align*}
                     
The control sequence at the end of the top line
of your error message was never \def'ed. If you have
misspelled it (e.g., `\hobx'), type `I' and the correct
spelling (e.g., `I\hbox'). Otherwise just continue,
and I'll forget about whatever was undefined.

c:/Users/ajaoo/Desktop/Projects/Multivate-forecasting/PRP3/main.tex:90: Undefined control sequence.
<argument> ...lambda _{reg} \sum _{\bm {w}} \|\bm 
                                                  {w}\|^{p_{reg}}. 
l.90     \end{align*}
                     
The control sequence at the end of the top line
of your error message was never \def'ed. If you have
misspelled it (e.g., `\hobx'), type `I' and the correct
spelling (e.g., `I\hbox'). Otherwise just continue,
and I'll forget about whatever was undefined.

c:/Users/ajaoo/Desktop/Projects/Multivate-forecasting/PRP3/main.tex:90: Undefined control sequence.
<argument>  Reg_{L2} = \lambda _{reg} \sum _{\bm 
                                                 {w}} \|\bm {w}\|^{p_{reg}}. 
l.90     \end{align*}
                     
The control sequence at the end of the top line
of your error message was never \def'ed. If you have
misspelled it (e.g., `\hobx'), type `I' and the correct
spelling (e.g., `I\hbox'). Otherwise just continue,
and I'll forget about whatever was undefined.

c:/Users/ajaoo/Desktop/Projects/Multivate-forecasting/PRP3/main.tex:90: Undefined control sequence.
<argument> ...lambda _{reg} \sum _{\bm {w}} \|\bm 
                                                  {w}\|^{p_{reg}}. 
l.90     \end{align*}
                     
The control sequence at the end of the top line
of your error message was never \def'ed. If you have
misspelled it (e.g., `\hobx'), type `I' and the correct
spelling (e.g., `I\hbox'). Otherwise just continue,
and I'll forget about whatever was undefined.


LaTeX Warning: Float too large for page by 27.53828pt on input line 111.


Overfull \hbox (57.12059pt too wide) in paragraph at lines 262--273
\OT1/cmr/m/n/12 is the num-ber of re-cov-ered in-di-vid-u-als, and $\OML/cmm/m/it/12 N$ \OT1/cmr/m/n/12 is the to-tal pop-u-la-tion. []
 []


pdfTeX warning (ext4): destination with the same identifier (name{page.1}) has been already used, duplicate ignored
<to be read again> 
                   \relax 
l.273 \begin{align}
                    [1] [2] [3] [4] [5]
<images/weekly_icu_beds_occupancy.pdf, id=52, 1084.05pt x 578.16pt>
File: images/weekly_icu_beds_occupancy.pdf Graphic file (type pdf)
<use images/weekly_icu_beds_occupancy.pdf>
Package pdftex.def Info: images/weekly_icu_beds_occupancy.pdf  used on input line 297.
(pdftex.def)             Requested size: 375.80544pt x 200.427pt.
<images/new_confirmed_per_100k.pdf, id=53, 1084.05pt x 578.16pt>
File: images/new_confirmed_per_100k.pdf Graphic file (type pdf)
<use images/new_confirmed_per_100k.pdf>
Package pdftex.def Info: images/new_confirmed_per_100k.pdf  used on input line 305.
(pdftex.def)             Requested size: 375.80544pt x 200.427pt.
<images/pinn/I_predictions_East Midlands.pdf, id=54, 1084.05pt x 578.16pt>
File: images/pinn/I_predictions_East Midlands.pdf Graphic file (type pdf)
<use images/pinn/I_predictions_East Midlands.pdf>
Package pdftex.def Info: images/pinn/I_predictions_East Midlands.pdf  used on input line 312.
(pdftex.def)             Requested size: 375.80544pt x 200.427pt.
<images/pinn/R_predictions_East Midlands.pdf, id=55, 1084.05pt x 578.16pt>
File: images/pinn/R_predictions_East Midlands.pdf Graphic file (type pdf)
<use images/pinn/R_predictions_East Midlands.pdf>
Package pdftex.def Info: images/pinn/R_predictions_East Midlands.pdf  used on input line 319.
(pdftex.def)             Requested size: 375.80544pt x 200.427pt.
<images/pinn/Training_History_East Midlands.pdf, id=56, 1084.05pt x 578.16pt>
File: images/pinn/Training_History_East Midlands.pdf Graphic file (type pdf)
<use images/pinn/Training_History_East Midlands.pdf>
Package pdftex.def Info: images/pinn/Training_History_East Midlands.pdf  used on input line 326.
(pdftex.def)             Requested size: 375.80544pt x 200.427pt.
<images/pinn/I_predictions_East of England.pdf, id=57, 1084.05pt x 578.16pt>
File: images/pinn/I_predictions_East of England.pdf Graphic file (type pdf)
<use images/pinn/I_predictions_East of England.pdf>
Package pdftex.def Info: images/pinn/I_predictions_East of England.pdf  used on input line 333.
(pdftex.def)             Requested size: 375.80544pt x 200.427pt.
<images/pinn/R_predictions_East of England.pdf, id=58, 1084.05pt x 578.16pt>
File: images/pinn/R_predictions_East of England.pdf Graphic file (type pdf)
<use images/pinn/R_predictions_East of England.pdf>
Package pdftex.def Info: images/pinn/R_predictions_East of England.pdf  used on input line 340.
(pdftex.def)             Requested size: 375.80544pt x 200.427pt.
<images/pinn/Training_History_East of England.pdf, id=59, 1084.05pt x 578.16pt>
File: images/pinn/Training_History_East of England.pdf Graphic file (type pdf)
<use images/pinn/Training_History_East of England.pdf>
Package pdftex.def Info: images/pinn/Training_History_East of England.pdf  used on input line 347.
(pdftex.def)             Requested size: 375.80544pt x 200.427pt.
<images/pinn/I_predictions_London Region.pdf, id=60, 1084.05pt x 578.16pt>
File: images/pinn/I_predictions_London Region.pdf Graphic file (type pdf)
<use images/pinn/I_predictions_London Region.pdf>
Package pdftex.def Info: images/pinn/I_predictions_London Region.pdf  used on input line 354.
(pdftex.def)             Requested size: 375.80544pt x 200.427pt.
<images/pinn/R_predictions_London Region.pdf, id=61, 1084.05pt x 578.16pt>
File: images/pinn/R_predictions_London Region.pdf Graphic file (type pdf)
<use images/pinn/R_predictions_London Region.pdf>
Package pdftex.def Info: images/pinn/R_predictions_London Region.pdf  used on input line 361.
(pdftex.def)             Requested size: 375.80544pt x 200.427pt.
<images/pinn/Training_History_London Region.pdf, id=62, 1084.05pt x 578.16pt>
File: images/pinn/Training_History_London Region.pdf Graphic file (type pdf)
<use images/pinn/Training_History_London Region.pdf>
Package pdftex.def Info: images/pinn/Training_History_London Region.pdf  used on input line 368.
(pdftex.def)             Requested size: 375.80544pt x 200.427pt.
 (main.bbl) [6 <./images/weekly_icu_beds_occupancy.pdf>] [7 <./images/new_confirmed_per_100k.pdf> <./images/pinn/I_predictions_East Midlands.pdf>] [8 <./images/pinn/R_predictions_East Midlands.pdf> <./images/pinn/Training_History_East Midlands.pdf>] [9 <./images/pinn/I_predictions_East of England.pdf> <./images/pinn/R_predictions_East of England.pdf>] [10 <./images/pinn/Training_History_East of England.pdf> <./images/pinn/I_predictions_London Region.pdf>] [11 <./images/pinn/R_predictions_London Region.pdf> <./images/pinn/Training_History_London Region.pdf>] (main.aux)

LaTeX Warning: Label(s) may have changed. Rerun to get cross-references right.


Package rerunfilecheck Warning: File `main.out' has changed.
(rerunfilecheck)                Rerun to get outlines right
(rerunfilecheck)                or use package `bookmark'.

Package rerunfilecheck Info: Checksums for `main.out':
(rerunfilecheck)             Before: <no file>
(rerunfilecheck)             After:  2036DD5F4B759807B8F13C4D6FEFE5D3;60.
 ) 
Here is how much of TeX's memory you used:
 13042 strings out of 476411
 212022 string characters out of 5789134
 1903845 words of memory out of 5000000
 33191 multiletter control sequences out of 15000+600000
 521665 words of font info for 68 fonts, out of 8000000 for 9000
 1141 hyphenation exceptions out of 8191
 75i,13n,76p,457b,473s stack positions out of 10000i,1000n,20000p,200000b,200000s
<C:/Users/ajaoo/AppData/Local/Programs/MiKTeX/fonts/type1/public/amsfonts/cm/cmbx12.pfb><C:/Users/ajaoo/AppData/Local/Programs/MiKTeX/fonts/type1/public/amsfonts/cm/cmbx8.pfb><C:/Users/ajaoo/AppData/Local/Programs/MiKTeX/fonts/type1/public/amsfonts/cm/cmcsc10.pfb><C:/Users/ajaoo/AppData/Local/Programs/MiKTeX/fonts/type1/public/amsfonts/cm/cmex10.pfb><C:/Users/ajaoo/AppData/Local/Programs/MiKTeX/fonts/type1/public/amsfonts/cm/cmmi12.pfb><C:/Users/ajaoo/AppData/Local/Programs/MiKTeX/fonts/type1/public/amsfonts/cm/cmmi6.pfb><C:/Users/ajaoo/AppData/Local/Programs/MiKTeX/fonts/type1/public/amsfonts/cm/cmmi8.pfb><C:/Users/ajaoo/AppData/Local/Programs/MiKTeX/fonts/type1/public/amsfonts/cm/cmr10.pfb><C:/Users/ajaoo/AppData/Local/Programs/MiKTeX/fonts/type1/public/amsfonts/cm/cmr12.pfb><C:/Users/ajaoo/AppData/Local/Programs/MiKTeX/fonts/type1/public/amsfonts/cm/cmr17.pfb><C:/Users/ajaoo/AppData/Local/Programs/MiKTeX/fonts/type1/public/amsfonts/cm/cmr8.pfb><C:/Users/ajaoo/AppData/Local/Programs/MiKTeX/fonts/type1/public/amsfonts/cm/cmsy10.pfb><C:/Users/ajaoo/AppData/Local/Programs/MiKTeX/fonts/type1/public/amsfonts/cm/cmsy8.pfb><C:/Users/ajaoo/AppData/Local/Programs/MiKTeX/fonts/type1/public/amsfonts/symbols/msbm10.pfb>
Output written on main.pdf (12 pages, 515442 bytes).
PDF statistics:
 605 PDF objects out of 1000 (max. 8388607)
 39 named destinations out of 1000 (max. 500000)
 56 words of extra memory for PDF output out of 10000 (max. 10000000)

